<?xml version="1.0" encoding="UTF-8"?>
<testng-results ignored="0" total="1" passed="1" failed="0" skipped="0">
  <reporter-output>
  </reporter-output>
  <suite started-at="2023-04-05T14:44:19 IST" name="Suite" finished-at="2023-04-05T14:44:27 IST" duration-ms="8308">
    <groups>
    </groups>
    <test started-at="2023-04-05T14:44:19 IST" name="Test" finished-at="2023-04-05T14:44:27 IST" duration-ms="8308">
      <class name="Test_class.Post_test_class">
        <test-method signature="Orchestrator()[pri:0, instance:Test_class.Post_test_class@225129c]" started-at="2023-04-05T14:44:19 IST" name="Orchestrator" finished-at="2023-04-05T14:44:27 IST" duration-ms="8019" status="PASS">
          <reporter-output>
          </reporter-output>
        </test-method> <!-- Orchestrator -->
      </class> <!-- Test_class.Post_test_class -->
    </test> <!-- Test -->
  </suite> <!-- Suite -->
</testng-results>
